<?xml version="1.0" encoding="UTF-8"?>
<!-- Generated by org.testng.reporters.JUnitReportReporter -->
<testsuite skipped="0" hostname="WINDOWS-8JREQPE" name="com.class01.Task" tests="2" failures="0" timestamp="2020-05-19T20:59:41 EDT" time="0.010" errors="0">
  <testcase name="test1" time="0.008" classname="com.class01.Task"/>
  <system-out/>
  <testcase name="test2" time="0.002" classname="com.class01.Task"/>
  <system-out/>
</testsuite> <!-- com.class01.Task -->
