<?xml version="1.0" encoding="UTF-8"?>
<!-- Generated by org.testng.reporters.JUnitReportReporter -->
<testsuite skipped="0" hostname="WINDOWS-8JREQPE" name="com.class04.loginExercise" tests="3" failures="0" timestamp="2020-05-28T17:26:25 EDT" time="59.171" errors="0">
  <testcase name="login" time="20.197" classname="com.class04.loginExercise"/>
  <system-out/>
  <testcase name="login" time="18.377" classname="com.class04.loginExercise"/>
  <system-out/>
  <testcase name="login" time="20.597" classname="com.class04.loginExercise"/>
  <system-out/>
</testsuite> <!-- com.class04.loginExercise -->
