<?xml version="1.0" encoding="UTF-8"?>
<!-- Generated by org.testng.reporters.JUnitReportReporter -->
<testsuite skipped="0" hostname="WINDOWS-8JREQPE" name="com.class01.HMW2" tests="1" failures="0" timestamp="2020-05-20T14:01:03 EDT" time="16.972" errors="0">
  <testcase name="loginAndValidate" time="16.972" classname="com.class01.HMW2"/>
  <system-out/>
</testsuite> <!-- com.class01.HMW2 -->
