<?xml version="1.0" encoding="UTF-8"?>
<!-- Generated by org.testng.reporters.JUnitReportReporter -->
<testsuite skipped="0" hostname="WINDOWS-8JREQPE" name="com.class01.HMW1" tests="1" failures="0" timestamp="2020-05-20T13:44:55 EDT" time="24.742" errors="0">
  <testcase name="loginAndValidate" time="24.742" classname="com.class01.HMW1"/>
  <system-out/>
</testsuite> <!-- com.class01.HMW1 -->
