<?xml version="1.0" encoding="UTF-8"?>
<!-- Generated by org.testng.reporters.JUnitReportReporter -->
<testsuite skipped="0" hostname="WINDOWS-8JREQPE" name="com.class03.HMWAddMultipleEmployee" tests="2" failures="0" timestamp="2020-05-28T18:31:20 EDT" time="79.762" errors="0">
  <testcase name="testAndLogin" time="38.151" classname="com.class03.HMWAddMultipleEmployee"/>
  <system-out/>
  <testcase name="testAndLogin" time="41.611" classname="com.class03.HMWAddMultipleEmployee"/>
  <system-out/>
</testsuite> <!-- com.class03.HMWAddMultipleEmployee -->
