<?xml version="1.0" encoding="UTF-8"?>
<!-- Generated by org.testng.reporters.JUnitReportReporter -->
<testsuite skipped="0" hostname="WINDOWS-8JREQPE" name="com.class01.TitleLogoAndLoginValidation" tests="1" failures="0" timestamp="2020-05-21T01:54:11 EDT" time="23.217" errors="0">
  <testcase name="validLogin" time="23.217" classname="com.class01.TitleLogoAndLoginValidation"/>
  <system-out/>
</testsuite> <!-- com.class01.TitleLogoAndLoginValidation -->
