<?xml version="1.0" encoding="UTF-8"?>
<!-- Generated by org.testng.reporters.JUnitReportReporter -->
<testsuite skipped="0" hostname="WINDOWS-8JREQPE" name="com.test.AddEmployeeTest" tests="1" failures="0" timestamp="2020-05-26T19:52:50 EDT" time="37.954" errors="0">
  <testcase name="addEmployeePage" time="37.954" classname="com.test.AddEmployeeTest"/>
  <system-out/>
</testsuite> <!-- com.test.AddEmployeeTest -->
